number,value,datetime_start,datetime_complete,duration,params_batch_size,params_dropout,params_lr,params_weight_decay,user_attrs_best_epoch,user_attrs_output_dir,user_attrs_source,system_attrs_fixed_params,state
0,0.3315134404176779,2026-07-25 02:39:15.596872,2026-07-25 02:49:02.677338,0 days 00:09:47.080466,64,0.2,0.0005,0.0,86,<BIO_PROJECT_ROOT>/re-implementation/aligned_baselines/hyperparameter_tuning/graphdta/KinetX/stage1_run1/trial_0000,published_reimplementation_default,"{'lr': 0.0005, 'weight_decay': 0.0, 'batch_size': 64, 'dropout': 0.2}",COMPLETE
1,0.5253034260359112,2026-07-25 02:49:02.752499,2026-07-25 02:50:29.894709,0 days 00:01:27.142210,32,0.3,2.7459414313177878e-05,0.001,41,<BIO_PROJECT_ROOT>/re-implementation/aligned_baselines/hyperparameter_tuning/graphdta/KinetX/stage1_run1/trial_0001,,,COMPLETE
2,0.3699691821352492,2026-07-25 02:50:29.988171,2026-07-25 02:58:30.108007,0 days 00:08:00.119836,64,0.0,7.764889602690966e-05,0.0001,61,<BIO_PROJECT_ROOT>/re-implementation/aligned_baselines/hyperparameter_tuning/graphdta/KinetX/stage1_run1/trial_0002,,,COMPLETE
3,0.3557966994725157,2026-07-25 02:58:30.179787,2026-07-25 03:00:04.479449,0 days 00:01:34.299662,32,0.0,0.0005738076294120294,0.0,51,<BIO_PROJECT_ROOT>/re-implementation/aligned_baselines/hyperparameter_tuning/graphdta/KinetX/stage1_run1/trial_0003,,,COMPLETE
4,0.5281116012327468,2026-07-25 03:00:04.546409,2026-07-25 03:07:05.221332,0 days 00:07:00.674923,64,0.1,2.5424559933116626e-05,0.01,47,<BIO_PROJECT_ROOT>/re-implementation/aligned_baselines/hyperparameter_tuning/graphdta/KinetX/stage1_run1/trial_0004,,,COMPLETE
5,0.35676362926165117,2026-07-25 03:07:05.301762,2026-07-25 03:09:05.957371,0 days 00:02:00.655609,32,0.0,0.0002224616981963028,0.0001,74,<BIO_PROJECT_ROOT>/re-implementation/aligned_baselines/hyperparameter_tuning/graphdta/KinetX/stage1_run1/trial_0005,,,COMPLETE
6,0.5291449016475674,2026-07-25 03:09:06.060580,2026-07-25 03:14:17.264211,0 days 00:05:11.203631,64,0.3,0.00025818029364620956,0.01,20,<BIO_PROJECT_ROOT>/re-implementation/aligned_baselines/hyperparameter_tuning/graphdta/KinetX/stage1_run1/trial_0006,,,COMPLETE
7,0.5239704961432248,2026-07-25 03:14:17.353514,2026-07-25 03:24:40.912885,0 days 00:10:23.559371,64,0.2,0.00015669694167112034,0.001,96,<BIO_PROJECT_ROOT>/re-implementation/aligned_baselines/hyperparameter_tuning/graphdta/KinetX/stage1_run1/trial_0007,,,COMPLETE
8,0.5280478552618487,2026-07-25 03:24:41.021497,2026-07-25 03:34:06.343651,0 days 00:09:25.322154,128,0.3,0.00019234412011182153,0.001,96,<BIO_PROJECT_ROOT>/re-implementation/aligned_baselines/hyperparameter_tuning/graphdta/KinetX/stage1_run1/trial_0008,,,COMPLETE
9,0.3354481577091672,2026-07-25 03:34:06.422525,2026-07-25 03:45:18.772930,0 days 00:11:12.350405,128,0.3,0.00024761745768624274,1e-05,124,<BIO_PROJECT_ROOT>/re-implementation/aligned_baselines/hyperparameter_tuning/graphdta/KinetX/stage1_run1/trial_0009,,,COMPLETE
10,0.3270176122578808,2026-07-25 03:45:18.840016,2026-07-25 03:58:21.272906,0 days 00:13:02.432890,64,0.2,0.0009089243277174911,0.0,133,<BIO_PROJECT_ROOT>/re-implementation/aligned_baselines/hyperparameter_tuning/graphdta/KinetX/stage1_run1/trial_0010,,,COMPLETE
11,0.33401517185864976,2026-07-25 03:58:21.361795,2026-07-25 04:13:13.703156,0 days 00:14:52.341361,64,0.2,0.0007182566288148532,0.0,159,<BIO_PROJECT_ROOT>/re-implementation/aligned_baselines/hyperparameter_tuning/graphdta/KinetX/stage1_run1/trial_0011,,,COMPLETE
12,0.3382997913001737,2026-07-25 04:13:13.779336,2026-07-25 04:27:26.967550,0 days 00:14:13.188214,64,0.2,0.0009594317672258657,0.0,150,<BIO_PROJECT_ROOT>/re-implementation/aligned_baselines/hyperparameter_tuning/graphdta/KinetX/stage1_run1/trial_0012,,,COMPLETE
13,0.36028927006147793,2026-07-25 04:27:27.064005,2026-07-25 04:35:47.356172,0 days 00:08:20.292167,64,0.5,0.0005158778779556295,1e-06,65,<BIO_PROJECT_ROOT>/re-implementation/aligned_baselines/hyperparameter_tuning/graphdta/KinetX/stage1_run1/trial_0013,,,COMPLETE
14,0.344945038357737,2026-07-25 04:35:47.417436,2026-07-25 04:43:40.205601,0 days 00:07:52.788165,128,0.2,0.00042252367937186357,0.0,70,<BIO_PROJECT_ROOT>/re-implementation/aligned_baselines/hyperparameter_tuning/graphdta/KinetX/stage1_run1/trial_0014,,,COMPLETE
15,0.3273680590405208,2026-07-25 04:43:40.299220,2026-07-25 05:00:31.899323,0 days 00:16:51.600103,64,0.2,6.813183664944752e-05,0.0,187,<BIO_PROJECT_ROOT>/re-implementation/aligned_baselines/hyperparameter_tuning/graphdta/KinetX/stage1_run1/trial_0015,,,COMPLETE
16,0.3339270174907745,2026-07-25 05:00:31.991681,2026-07-25 05:22:12.316110,0 days 00:21:40.324429,64,0.1,5.670897428325738e-05,1e-06,248,<BIO_PROJECT_ROOT>/re-implementation/aligned_baselines/hyperparameter_tuning/graphdta/KinetX/stage1_run1/trial_0016,,,COMPLETE
17,0.3526233978054143,2026-07-25 05:22:12.425045,2026-07-25 06:15:18.430209,0 days 00:53:06.005164,64,0.5,1.0795205686665517e-05,1e-05,703,<BIO_PROJECT_ROOT>/re-implementation/aligned_baselines/hyperparameter_tuning/graphdta/KinetX/stage1_run1/trial_0017,,,COMPLETE
18,0.35385343586405377,2026-07-25 06:15:18.513658,2026-07-25 06:32:58.010968,0 days 00:17:39.497310,128,0.2,4.058035780497563e-05,0.0,224,<BIO_PROJECT_ROOT>/re-implementation/aligned_baselines/hyperparameter_tuning/graphdta/KinetX/stage1_run1/trial_0018,,,COMPLETE
19,0.3170429159010653,2026-07-25 06:32:58.147999,2026-07-25 06:35:42.939455,0 days 00:02:44.791456,32,0.2,0.00011112359395278562,0.0,142,<BIO_PROJECT_ROOT>/re-implementation/aligned_baselines/hyperparameter_tuning/graphdta/KinetX/stage1_run1/trial_0019,,,COMPLETE
20,0.3394833091199774,2026-07-25 06:35:43.032068,2026-07-25 06:37:45.659412,0 days 00:02:02.627344,32,0.2,0.00013999409827944215,0.0,89,<BIO_PROJECT_ROOT>/re-implementation/aligned_baselines/hyperparameter_tuning/graphdta/KinetX/stage1_run1/trial_0020,,,COMPLETE
21,0.3300907093880406,2026-07-25 06:37:45.743286,2026-07-25 06:40:32.452506,0 days 00:02:46.709220,32,0.2,9.48217834520446e-05,0.0,145,<BIO_PROJECT_ROOT>/re-implementation/aligned_baselines/hyperparameter_tuning/graphdta/KinetX/stage1_run1/trial_0021,,,COMPLETE
22,0.3588349023121746,2026-07-25 06:40:32.537879,2026-07-25 06:45:35.109566,0 days 00:05:02.571687,32,0.2,1.2851554866192436e-05,0.0,302,<BIO_PROJECT_ROOT>/re-implementation/aligned_baselines/hyperparameter_tuning/graphdta/KinetX/stage1_run1/trial_0022,,,COMPLETE
23,0.32821172986963704,2026-07-25 06:45:35.225001,2026-07-25 06:49:42.877847,0 days 00:04:07.652846,32,0.2,6.329349253821687e-05,0.0,248,<BIO_PROJECT_ROOT>/re-implementation/aligned_baselines/hyperparameter_tuning/graphdta/KinetX/stage1_run1/trial_0023,,,COMPLETE
24,0.34382003629937036,2026-07-25 06:49:43.024909,2026-07-25 07:11:29.439958,0 days 00:21:46.415049,64,0.2,3.9705221659850766e-05,0.0,252,<BIO_PROJECT_ROOT>/re-implementation/aligned_baselines/hyperparameter_tuning/graphdta/KinetX/stage1_run1/trial_0024,,,COMPLETE
25,0.3620317378459365,2026-07-25 07:11:29.533524,2026-07-25 07:13:29.515369,0 days 00:01:59.981845,32,0.5,0.0003293337856696587,1e-06,83,<BIO_PROJECT_ROOT>/re-implementation/aligned_baselines/hyperparameter_tuning/graphdta/KinetX/stage1_run1/trial_0025,,,COMPLETE
26,0.34655257940174555,2026-07-25 07:13:29.599075,2026-07-25 07:27:06.849329,0 days 00:13:37.250254,64,0.2,0.00010281111894860096,1e-05,137,<BIO_PROJECT_ROOT>/re-implementation/aligned_baselines/hyperparameter_tuning/graphdta/KinetX/stage1_run1/trial_0026,,,COMPLETE
27,0.5296156743297386,2026-07-25 07:27:06.941106,2026-07-25 07:37:47.579936,0 days 00:10:40.638830,128,0.1,2.556302466762786e-05,0.01,113,<BIO_PROJECT_ROOT>/re-implementation/aligned_baselines/hyperparameter_tuning/graphdta/KinetX/stage1_run1/trial_0027,,,COMPLETE
28,0.3668653068121831,2026-07-25 07:37:47.681713,2026-07-25 07:41:24.374427,0 days 00:03:36.692714,32,0.2,1.7454913403496396e-05,0.0001,204,<BIO_PROJECT_ROOT>/re-implementation/aligned_baselines/hyperparameter_tuning/graphdta/KinetX/stage1_run1/trial_0028,,,COMPLETE
29,0.327205398051547,2026-07-25 07:41:24.456183,2026-07-25 07:58:33.521209,0 days 00:17:09.065026,64,0.2,0.00010851304275199764,0.0,187,<BIO_PROJECT_ROOT>/re-implementation/aligned_baselines/hyperparameter_tuning/graphdta/KinetX/stage1_run1/trial_0029,,,COMPLETE
