number,value,datetime_start,datetime_complete,duration,params_batch_size,params_dropout,params_lr,params_weight_decay,user_attrs_best_epoch,user_attrs_output_dir,user_attrs_source,system_attrs_fixed_params,state
0,0.25683737255458455,2026-07-25 11:23:10.491672,2026-07-25 11:27:50.999109,0 days 00:04:40.507437,64,0.2,0.0005,0.0,77,<BIO_PROJECT_ROOT>/re-implementation/aligned_baselines/hyperparameter_tuning/graphdta/2773/stage1_run1/trial_0000,published_reimplementation_default,"{'lr': 0.0005, 'weight_decay': 0.0, 'batch_size': 64, 'dropout': 0.2}",COMPLETE
1,0.3272757011665488,2026-07-25 11:27:51.097077,2026-07-25 11:28:32.947295,0 days 00:00:41.850218,32,0.3,2.7459414313177878e-05,0.001,23,<BIO_PROJECT_ROOT>/re-implementation/aligned_baselines/hyperparameter_tuning/graphdta/2773/stage1_run1/trial_0001,,,COMPLETE
2,0.29098208775316614,2026-07-25 11:28:33.027235,2026-07-25 11:35:42.789475,0 days 00:07:09.762240,64,0.0,7.764889602690966e-05,0.0001,146,<BIO_PROJECT_ROOT>/re-implementation/aligned_baselines/hyperparameter_tuning/graphdta/2773/stage1_run1/trial_0002,,,COMPLETE
3,0.2575320866680262,2026-07-25 11:35:42.866237,2026-07-25 11:36:37.076304,0 days 00:00:54.210067,32,0.0,0.0005738076294120294,0.0,50,<BIO_PROJECT_ROOT>/re-implementation/aligned_baselines/hyperparameter_tuning/graphdta/2773/stage1_run1/trial_0003,,,COMPLETE
4,0.32519113505145253,2026-07-25 11:36:37.151633,2026-07-25 11:40:12.241725,0 days 00:03:35.090092,64,0.1,2.5424559933116626e-05,0.01,46,<BIO_PROJECT_ROOT>/re-implementation/aligned_baselines/hyperparameter_tuning/graphdta/2773/stage1_run1/trial_0004,,,COMPLETE
5,0.28374732140945985,2026-07-25 11:40:12.318341,2026-07-25 11:41:36.740565,0 days 00:01:24.422224,32,0.0,0.0002224616981963028,0.0001,127,<BIO_PROJECT_ROOT>/re-implementation/aligned_baselines/hyperparameter_tuning/graphdta/2773/stage1_run1/trial_0005,,,COMPLETE
6,0.32695753036366704,2026-07-25 11:41:36.817137,2026-07-25 11:45:15.966654,0 days 00:03:39.149517,64,0.3,0.00025818029364620956,0.01,46,<BIO_PROJECT_ROOT>/re-implementation/aligned_baselines/hyperparameter_tuning/graphdta/2773/stage1_run1/trial_0006,,,COMPLETE
7,0.3284982115341608,2026-07-25 11:45:16.051324,2026-07-25 11:47:53.056614,0 days 00:02:37.005290,64,0.2,0.00015669694167112034,0.001,17,<BIO_PROJECT_ROOT>/re-implementation/aligned_baselines/hyperparameter_tuning/graphdta/2773/stage1_run1/trial_0007,,,COMPLETE
8,0.3298704502516867,2026-07-25 11:47:53.133577,2026-07-25 11:50:27.409503,0 days 00:02:34.275926,128,0.3,0.00019234412011182153,0.001,24,<BIO_PROJECT_ROOT>/re-implementation/aligned_baselines/hyperparameter_tuning/graphdta/2773/stage1_run1/trial_0008,,,COMPLETE
9,0.27040701199394057,2026-07-25 11:50:27.482100,2026-07-25 11:56:02.069732,0 days 00:05:34.587632,128,0.3,0.00024761745768624274,1e-05,119,<BIO_PROJECT_ROOT>/re-implementation/aligned_baselines/hyperparameter_tuning/graphdta/2773/stage1_run1/trial_0009,,,COMPLETE
10,0.25756793794649196,2026-07-25 11:56:02.163313,2026-07-25 12:00:45.049732,0 days 00:04:42.886419,64,0.2,0.0009089243277174911,0.0,77,<BIO_PROJECT_ROOT>/re-implementation/aligned_baselines/hyperparameter_tuning/graphdta/2773/stage1_run1/trial_0010,,,COMPLETE
11,0.2672606583636968,2026-07-25 12:00:45.160413,2026-07-25 12:02:02.969076,0 days 00:01:17.808663,32,0.5,0.0007182566288148532,0.0,109,<BIO_PROJECT_ROOT>/re-implementation/aligned_baselines/hyperparameter_tuning/graphdta/2773/stage1_run1/trial_0011,,,COMPLETE
12,0.25542752228115806,2026-07-25 12:02:03.056588,2026-07-25 12:03:36.207448,0 days 00:01:33.150860,32,0.2,0.0004469802419015973,0.0,128,<BIO_PROJECT_ROOT>/re-implementation/aligned_baselines/hyperparameter_tuning/graphdta/2773/stage1_run1/trial_0012,,,COMPLETE
13,0.281988332226513,2026-07-25 12:03:36.318959,2026-07-25 12:04:50.359499,0 days 00:01:14.040540,32,0.2,6.510468325082798e-05,1e-06,98,<BIO_PROJECT_ROOT>/re-implementation/aligned_baselines/hyperparameter_tuning/graphdta/2773/stage1_run1/trial_0013,,,COMPLETE
14,0.2582318006849818,2026-07-25 12:04:50.430237,2026-07-25 12:10:33.205106,0 days 00:05:42.774869,128,0.2,0.0004527822605928625,0.0,121,<BIO_PROJECT_ROOT>/re-implementation/aligned_baselines/hyperparameter_tuning/graphdta/2773/stage1_run1/trial_0014,,,COMPLETE
15,0.31385281168737994,2026-07-25 12:10:33.270461,2026-07-25 12:20:37.420993,0 days 00:10:04.150532,64,0.2,1.160788904206878e-05,0.0,226,<BIO_PROJECT_ROOT>/re-implementation/aligned_baselines/hyperparameter_tuning/graphdta/2773/stage1_run1/trial_0015,,,COMPLETE
16,0.2616070105850928,2026-07-25 12:20:37.482928,2026-07-25 12:21:33.118779,0 days 00:00:55.635851,32,0.1,0.0004027109154918694,1e-06,62,<BIO_PROJECT_ROOT>/re-implementation/aligned_baselines/hyperparameter_tuning/graphdta/2773/stage1_run1/trial_0016,,,COMPLETE
17,0.2797110065063752,2026-07-25 12:21:33.239901,2026-07-25 12:30:31.932713,0 days 00:08:58.692812,64,0.5,0.00012166674360425906,1e-05,197,<BIO_PROJECT_ROOT>/re-implementation/aligned_baselines/hyperparameter_tuning/graphdta/2773/stage1_run1/trial_0017,,,COMPLETE
18,0.2412793008143361,2026-07-25 12:30:32.059771,2026-07-25 12:31:53.251189,0 days 00:01:21.191418,32,0.2,0.00035917954171932857,0.0,120,<BIO_PROJECT_ROOT>/re-implementation/aligned_baselines/hyperparameter_tuning/graphdta/2773/stage1_run1/trial_0018,,,COMPLETE
19,0.2663223064613518,2026-07-25 12:31:53.318062,2026-07-25 12:33:21.762792,0 days 00:01:28.444730,32,0.2,0.0009868227323740777,0.0,138,<BIO_PROJECT_ROOT>/re-implementation/aligned_baselines/hyperparameter_tuning/graphdta/2773/stage1_run1/trial_0019,,,COMPLETE
20,0.2522414331105981,2026-07-25 12:33:21.846918,2026-07-25 12:34:39.318740,0 days 00:01:17.471822,32,0.2,0.0003458810031142557,0.0,115,<BIO_PROJECT_ROOT>/re-implementation/aligned_baselines/hyperparameter_tuning/graphdta/2773/stage1_run1/trial_0020,,,COMPLETE
21,0.24717931075572414,2026-07-25 12:34:39.378905,2026-07-25 12:35:58.891987,0 days 00:01:19.513082,32,0.2,0.00035042256186823887,0.0,120,<BIO_PROJECT_ROOT>/re-implementation/aligned_baselines/hyperparameter_tuning/graphdta/2773/stage1_run1/trial_0021,,,COMPLETE
22,0.2572087470435905,2026-07-25 12:35:58.975113,2026-07-25 12:37:16.456812,0 days 00:01:17.481699,32,0.2,0.00030279514498418976,0.0,115,<BIO_PROJECT_ROOT>/re-implementation/aligned_baselines/hyperparameter_tuning/graphdta/2773/stage1_run1/trial_0022,,,COMPLETE
23,0.2681306692813083,2026-07-25 12:37:16.535836,2026-07-25 12:38:35.826382,0 days 00:01:19.290546,32,0.2,0.0001082528400793735,0.0,115,<BIO_PROJECT_ROOT>/re-implementation/aligned_baselines/hyperparameter_tuning/graphdta/2773/stage1_run1/trial_0023,,,COMPLETE
24,0.25406083201784435,2026-07-25 12:38:35.970355,2026-07-25 12:39:46.510713,0 days 00:01:10.540358,32,0.2,0.000363826728757459,0.0,99,<BIO_PROJECT_ROOT>/re-implementation/aligned_baselines/hyperparameter_tuning/graphdta/2773/stage1_run1/trial_0024,,,COMPLETE
25,0.2857110479637518,2026-07-25 12:39:46.621925,2026-07-25 12:41:31.749650,0 days 00:01:45.127725,32,0.5,5.8732088018413975e-05,1e-06,175,<BIO_PROJECT_ROOT>/re-implementation/aligned_baselines/hyperparameter_tuning/graphdta/2773/stage1_run1/trial_0025,,,COMPLETE
26,0.2736270555812368,2026-07-25 12:41:31.829547,2026-07-25 12:43:02.858283,0 days 00:01:31.028736,32,0.2,0.00015720561779069262,1e-05,137,<BIO_PROJECT_ROOT>/re-implementation/aligned_baselines/hyperparameter_tuning/graphdta/2773/stage1_run1/trial_0026,,,COMPLETE
27,0.32597718343501436,2026-07-25 12:43:02.938929,2026-07-25 12:46:48.973010,0 days 00:03:46.034081,128,0.1,0.0006520797300560852,0.01,63,<BIO_PROJECT_ROOT>/re-implementation/aligned_baselines/hyperparameter_tuning/graphdta/2773/stage1_run1/trial_0027,,,COMPLETE
28,0.2779202949257716,2026-07-25 12:46:49.083757,2026-07-25 12:48:13.168567,0 days 00:01:24.084810,32,0.2,0.0003040138925421613,0.0001,120,<BIO_PROJECT_ROOT>/re-implementation/aligned_baselines/hyperparameter_tuning/graphdta/2773/stage1_run1/trial_0028,,,COMPLETE
29,0.2629912169322025,2026-07-25 12:48:13.229040,2026-07-25 12:49:49.222510,0 days 00:01:35.993470,32,0.2,0.00017256316632071337,0.0,153,<BIO_PROJECT_ROOT>/re-implementation/aligned_baselines/hyperparameter_tuning/graphdta/2773/stage1_run1/trial_0029,,,COMPLETE
