number,value,datetime_start,datetime_complete,duration,params_batch_size,params_dropout,params_lr,params_weight_decay,user_attrs_best_epoch,user_attrs_output_dir,user_attrs_source,system_attrs_fixed_params,state
0,0.25349488234595485,2026-07-25 01:35:12.473304,2026-07-25 01:35:47.494598,0 days 00:00:35.021294,64,0.1,0.001,0.01,13,<BIO_PROJECT_ROOT>/re-implementation/aligned_baselines/hyperparameter_tuning/deepdta/2773/stage1_run1/trial_0000,published_reimplementation_default,"{'lr': 0.001, 'weight_decay': 0.01, 'batch_size': 64, 'dropout': 0.1}",COMPLETE
1,0.24067146826882335,2026-07-25 01:35:47.573517,2026-07-25 01:37:23.633612,0 days 00:01:36.060095,32,0.3,3.494183707737564e-05,0.001,73,<BIO_PROJECT_ROOT>/re-implementation/aligned_baselines/hyperparameter_tuning/deepdta/2773/stage1_run1/trial_0001,,,COMPLETE
2,0.25285503872809284,2026-07-25 01:37:23.725177,2026-07-25 01:39:43.887783,0 days 00:02:20.162606,128,0.1,1.3162414734947469e-05,0.001,219,<BIO_PROJECT_ROOT>/re-implementation/aligned_baselines/hyperparameter_tuning/deepdta/2773/stage1_run1/trial_0002,,,COMPLETE
3,0.24849067939717207,2026-07-25 01:39:44.153799,2026-07-25 01:40:33.427277,0 days 00:00:49.273478,64,0.2,0.00014634050001104538,1e-06,32,<BIO_PROJECT_ROOT>/re-implementation/aligned_baselines/hyperparameter_tuning/deepdta/2773/stage1_run1/trial_0003,,,COMPLETE
4,0.24862410650070024,2026-07-25 01:40:33.496419,2026-07-25 01:43:19.583122,0 days 00:02:46.086703,128,0.3,1.1401976749919828e-05,0.01,295,<BIO_PROJECT_ROOT>/re-implementation/aligned_baselines/hyperparameter_tuning/deepdta/2773/stage1_run1/trial_0004,,,COMPLETE
5,0.2560991608930866,2026-07-25 01:43:19.666247,2026-07-25 01:43:54.113938,0 days 00:00:34.447691,64,0.1,0.002937340209291437,0.0001,11,<BIO_PROJECT_ROOT>/re-implementation/aligned_baselines/hyperparameter_tuning/deepdta/2773/stage1_run1/trial_0005,,,COMPLETE
6,0.23763718213156582,2026-07-25 01:43:54.201090,2026-07-25 01:44:39.325583,0 days 00:00:45.124493,64,0.3,0.00021032001200729414,0.001,26,<BIO_PROJECT_ROOT>/re-implementation/aligned_baselines/hyperparameter_tuning/deepdta/2773/stage1_run1/trial_0006,,,COMPLETE
7,0.24810724667062173,2026-07-25 01:44:39.384126,2026-07-25 01:45:58.689233,0 days 00:01:19.305107,32,0.1,5.0391690094171524e-05,0.0001,61,<BIO_PROJECT_ROOT>/re-implementation/aligned_baselines/hyperparameter_tuning/deepdta/2773/stage1_run1/trial_0007,,,COMPLETE
8,0.2547458493043891,2026-07-25 01:45:58.762908,2026-07-25 01:46:37.148901,0 days 00:00:38.385993,128,0.2,0.0016073852911823961,0.0001,28,<BIO_PROJECT_ROOT>/re-implementation/aligned_baselines/hyperparameter_tuning/deepdta/2773/stage1_run1/trial_0008,,,COMPLETE
9,0.247043995566186,2026-07-25 01:46:37.245406,2026-07-25 01:47:34.079154,0 days 00:00:56.833748,64,0.1,0.00011311010234447375,1e-06,44,<BIO_PROJECT_ROOT>/re-implementation/aligned_baselines/hyperparameter_tuning/deepdta/2773/stage1_run1/trial_0009,,,COMPLETE
10,0.24049489716007333,2026-07-25 01:47:34.164359,2026-07-25 01:48:09.757713,0 days 00:00:35.593354,64,0.0,0.00047305878858845457,1e-05,12,<BIO_PROJECT_ROOT>/re-implementation/aligned_baselines/hyperparameter_tuning/deepdta/2773/stage1_run1/trial_0010,,,COMPLETE
11,0.24174239563627498,2026-07-25 01:48:09.845593,2026-07-25 01:48:46.883246,0 days 00:00:37.037653,64,0.0,0.0004705878433955185,1e-05,17,<BIO_PROJECT_ROOT>/re-implementation/aligned_baselines/hyperparameter_tuning/deepdta/2773/stage1_run1/trial_0011,,,COMPLETE
12,0.2387827379874897,2026-07-25 01:48:46.965862,2026-07-25 01:49:27.949997,0 days 00:00:40.984135,64,0.0,0.0003971873825789948,1e-05,22,<BIO_PROJECT_ROOT>/re-implementation/aligned_baselines/hyperparameter_tuning/deepdta/2773/stage1_run1/trial_0012,,,COMPLETE
13,0.23049565552772655,2026-07-25 01:49:28.025335,2026-07-25 01:50:07.829998,0 days 00:00:39.804663,64,0.0,0.00032923017136596603,0.0,22,<BIO_PROJECT_ROOT>/re-implementation/aligned_baselines/hyperparameter_tuning/deepdta/2773/stage1_run1/trial_0013,,,COMPLETE
14,0.23238870509055215,2026-07-25 01:50:07.891029,2026-07-25 01:50:52.071891,0 days 00:00:44.180862,64,0.3,0.0002466368554278837,0.0,26,<BIO_PROJECT_ROOT>/re-implementation/aligned_baselines/hyperparameter_tuning/deepdta/2773/stage1_run1/trial_0014,,,COMPLETE
15,0.22049962616213056,2026-07-25 01:50:52.164920,2026-07-25 01:51:52.001498,0 days 00:00:59.836578,32,0.0,8.882301164323966e-05,0.0,35,<BIO_PROJECT_ROOT>/re-implementation/aligned_baselines/hyperparameter_tuning/deepdta/2773/stage1_run1/trial_0015,,,COMPLETE
16,0.227024148455217,2026-07-25 01:51:52.070359,2026-07-25 01:52:57.356756,0 days 00:01:05.286397,32,0.0,6.644207321673562e-05,0.0,35,<BIO_PROJECT_ROOT>/re-implementation/aligned_baselines/hyperparameter_tuning/deepdta/2773/stage1_run1/trial_0016,,,COMPLETE
17,0.22989102361848546,2026-07-25 01:52:57.425951,2026-07-25 01:53:59.725111,0 days 00:01:02.299160,32,0.0,6.745929230468991e-05,0.0,35,<BIO_PROJECT_ROOT>/re-implementation/aligned_baselines/hyperparameter_tuning/deepdta/2773/stage1_run1/trial_0017,,,COMPLETE
18,0.23478804983015245,2026-07-25 01:53:59.796153,2026-07-25 01:55:27.417961,0 days 00:01:27.621808,32,0.0,2.6629465105765864e-05,0.0,60,<BIO_PROJECT_ROOT>/re-implementation/aligned_baselines/hyperparameter_tuning/deepdta/2773/stage1_run1/trial_0018,,,COMPLETE
19,0.23073410135726133,2026-07-25 01:55:27.481914,2026-07-25 01:56:27.594770,0 days 00:01:00.112856,32,0.0,8.276195396788701e-05,0.0,35,<BIO_PROJECT_ROOT>/re-implementation/aligned_baselines/hyperparameter_tuning/deepdta/2773/stage1_run1/trial_0019,,,COMPLETE
20,0.23895482609054,2026-07-25 01:56:27.679916,2026-07-25 01:57:50.555555,0 days 00:01:22.875639,32,0.0,2.079016607678115e-05,0.0,60,<BIO_PROJECT_ROOT>/re-implementation/aligned_baselines/hyperparameter_tuning/deepdta/2773/stage1_run1/trial_0020,,,COMPLETE
21,0.24243897763424307,2026-07-25 01:57:50.682444,2026-07-25 01:58:48.304692,0 days 00:00:57.622248,32,0.0,7.162872401790204e-05,0.0,29,<BIO_PROJECT_ROOT>/re-implementation/aligned_baselines/hyperparameter_tuning/deepdta/2773/stage1_run1/trial_0021,,,COMPLETE
22,0.23056743108229247,2026-07-25 01:58:48.371789,2026-07-25 02:00:10.444312,0 days 00:01:22.072523,32,0.0,5.222670112213891e-05,0.0,59,<BIO_PROJECT_ROOT>/re-implementation/aligned_baselines/hyperparameter_tuning/deepdta/2773/stage1_run1/trial_0022,,,COMPLETE
23,0.23912695522796398,2026-07-25 02:00:10.515544,2026-07-25 02:01:00.682144,0 days 00:00:50.166600,32,0.0,0.00010319266612750748,0.0,23,<BIO_PROJECT_ROOT>/re-implementation/aligned_baselines/hyperparameter_tuning/deepdta/2773/stage1_run1/trial_0023,,,COMPLETE
24,0.24153619442727012,2026-07-25 02:01:00.770581,2026-07-25 02:02:00.385478,0 days 00:00:59.614897,32,0.2,4.751331472147782e-05,0.0,35,<BIO_PROJECT_ROOT>/re-implementation/aligned_baselines/hyperparameter_tuning/deepdta/2773/stage1_run1/trial_0024,,,COMPLETE
25,0.2385410869052524,2026-07-25 02:02:00.462137,2026-07-25 02:02:56.778128,0 days 00:00:56.315991,32,0.0,0.0001569733080178837,0.0,32,<BIO_PROJECT_ROOT>/re-implementation/aligned_baselines/hyperparameter_tuning/deepdta/2773/stage1_run1/trial_0025,,,COMPLETE
26,0.2372312343487704,2026-07-25 02:02:56.866545,2026-07-25 02:04:52.852957,0 days 00:01:55.986412,32,0.0,2.303233860457829e-05,0.0,99,<BIO_PROJECT_ROOT>/re-implementation/aligned_baselines/hyperparameter_tuning/deepdta/2773/stage1_run1/trial_0026,,,COMPLETE
27,0.23643097472622576,2026-07-25 02:04:52.923387,2026-07-25 02:05:57.214871,0 days 00:01:04.291484,32,0.0,6.723308675698651e-05,1e-06,35,<BIO_PROJECT_ROOT>/re-implementation/aligned_baselines/hyperparameter_tuning/deepdta/2773/stage1_run1/trial_0027,,,COMPLETE
28,0.2315656858789775,2026-07-25 02:05:57.288114,2026-07-25 02:07:18.064076,0 days 00:01:20.775962,32,0.0,3.857925595628309e-05,0.01,62,<BIO_PROJECT_ROOT>/re-implementation/aligned_baselines/hyperparameter_tuning/deepdta/2773/stage1_run1/trial_0028,,,COMPLETE
29,0.22930597422634874,2026-07-25 02:07:18.157413,2026-07-25 02:07:58.926603,0 days 00:00:40.769190,128,0.2,0.0007046706962635494,0.01,32,<BIO_PROJECT_ROOT>/re-implementation/aligned_baselines/hyperparameter_tuning/deepdta/2773/stage1_run1/trial_0029,,,COMPLETE
