number,value,datetime_start,datetime_complete,duration,params_batch_size,params_dropout,params_lr,params_weight_decay,user_attrs_best_epoch,user_attrs_output_dir,user_attrs_source,system_attrs_fixed_params,state
0,0.395429563091994,2026-07-25 13:40:09.937377,2026-07-25 13:42:46.944522,0 days 00:02:37.007145,64,0.1,0.001,0.01,26,<BIO_PROJECT_ROOT>/re-implementation/aligned_baselines/hyperparameter_tuning/attentiondta/KinetX/stage1_run1/trial_0000,published_reimplementation_default,"{'lr': 0.001, 'weight_decay': 0.01, 'batch_size': 64, 'dropout': 0.1}",COMPLETE
1,0.394637385307325,2026-07-25 13:42:47.007156,2026-07-25 13:46:42.283544,0 days 00:03:55.276388,8,0.2,3.196839887802081e-05,0.001,24,<BIO_PROJECT_ROOT>/re-implementation/aligned_baselines/hyperparameter_tuning/attentiondta/KinetX/stage1_run1/trial_0001,,,COMPLETE
2,0.3788984479899201,2026-07-25 13:46:42.382605,2026-07-25 13:50:08.494932,0 days 00:03:26.112327,64,0.3,0.00010570949451251919,0.0001,44,<BIO_PROJECT_ROOT>/re-implementation/aligned_baselines/hyperparameter_tuning/attentiondta/KinetX/stage1_run1/trial_0002,,,COMPLETE
3,0.41120059653874785,2026-07-25 13:50:08.614731,2026-07-25 13:53:05.603159,0 days 00:02:56.988428,64,0.0,0.0010555699712933647,0.0,33,<BIO_PROJECT_ROOT>/re-implementation/aligned_baselines/hyperparameter_tuning/attentiondta/KinetX/stage1_run1/trial_0003,,,COMPLETE
4,0.3758763699277363,2026-07-25 13:53:05.668676,2026-07-25 13:56:32.787709,0 days 00:03:27.119033,64,0.0,2.925837257538309e-05,0.01,44,<BIO_PROJECT_ROOT>/re-implementation/aligned_baselines/hyperparameter_tuning/attentiondta/KinetX/stage1_run1/trial_0004,,,COMPLETE
5,0.3842672554850746,2026-07-25 13:56:32.922603,2026-07-25 14:02:21.248291,0 days 00:05:48.325688,8,0.1,0.00035484392049755034,0.0001,60,<BIO_PROJECT_ROOT>/re-implementation/aligned_baselines/hyperparameter_tuning/attentiondta/KinetX/stage1_run1/trial_0005,,,COMPLETE
6,0.38632229874336305,2026-07-25 14:02:21.334737,2026-07-25 14:05:12.675247,0 days 00:02:51.340510,16,0.2,0.0004211518291984564,0.01,36,<BIO_PROJECT_ROOT>/re-implementation/aligned_baselines/hyperparameter_tuning/attentiondta/KinetX/stage1_run1/trial_0006,,,COMPLETE
7,0.3830758934703341,2026-07-25 14:05:12.798108,2026-07-25 14:08:09.731458,0 days 00:02:56.933350,64,0.1,0.00023710190963449062,0.001,33,<BIO_PROJECT_ROOT>/re-implementation/aligned_baselines/hyperparameter_tuning/attentiondta/KinetX/stage1_run1/trial_0007,,,COMPLETE
8,0.3914234251681337,2026-07-25 14:08:09.820712,2026-07-25 14:10:20.722811,0 days 00:02:10.902099,32,0.2,0.00030015946987714965,0.001,23,<BIO_PROJECT_ROOT>/re-implementation/aligned_baselines/hyperparameter_tuning/attentiondta/KinetX/stage1_run1/trial_0008,,,COMPLETE
9,0.42804405365598147,2026-07-25 14:10:20.784649,2026-07-25 14:12:53.031457,0 days 00:02:32.246808,32,0.2,0.0004013897182871736,1e-05,33,<BIO_PROJECT_ROOT>/re-implementation/aligned_baselines/hyperparameter_tuning/attentiondta/KinetX/stage1_run1/trial_0009,,,COMPLETE
10,0.39358855998038444,2026-07-25 14:12:53.126910,2026-07-25 14:15:56.740125,0 days 00:03:03.613215,16,0.0,1.1408218106734924e-05,1e-06,44,<BIO_PROJECT_ROOT>/re-implementation/aligned_baselines/hyperparameter_tuning/attentiondta/KinetX/stage1_run1/trial_0010,,,COMPLETE
11,0.3815472178327135,2026-07-25 14:15:56.808203,2026-07-25 14:18:27.923734,0 days 00:02:31.115531,64,0.3,6.977708747355053e-05,0.0001,25,<BIO_PROJECT_ROOT>/re-implementation/aligned_baselines/hyperparameter_tuning/attentiondta/KinetX/stage1_run1/trial_0011,,,COMPLETE
12,0.38276710417888654,2026-07-25 14:18:28.000149,2026-07-25 14:22:47.663087,0 days 00:04:19.662938,64,0.3,5.56763669499156e-05,0.0001,66,<BIO_PROJECT_ROOT>/re-implementation/aligned_baselines/hyperparameter_tuning/attentiondta/KinetX/stage1_run1/trial_0012,,,COMPLETE
13,0.39239936189682667,2026-07-25 14:22:47.770115,2026-07-25 14:27:17.883819,0 days 00:04:30.113704,64,0.0,1.543363850578589e-05,0.01,71,<BIO_PROJECT_ROOT>/re-implementation/aligned_baselines/hyperparameter_tuning/attentiondta/KinetX/stage1_run1/trial_0013,,,COMPLETE
14,0.39480883873579725,2026-07-25 14:27:18.067568,2026-07-25 14:29:51.289812,0 days 00:02:33.222244,64,0.3,0.00010391656338464781,0.0,26,<BIO_PROJECT_ROOT>/re-implementation/aligned_baselines/hyperparameter_tuning/attentiondta/KinetX/stage1_run1/trial_0014,,,COMPLETE
15,0.3854047521318037,2026-07-25 14:29:51.416357,2026-07-25 14:34:09.531033,0 days 00:04:18.114676,64,0.3,2.4442490086844307e-05,0.0001,66,<BIO_PROJECT_ROOT>/re-implementation/aligned_baselines/hyperparameter_tuning/attentiondta/KinetX/stage1_run1/trial_0015,,,COMPLETE
16,0.3903140743417001,2026-07-25 14:34:09.621530,2026-07-25 14:36:36.823007,0 days 00:02:27.201477,16,0.0,4.129361209844746e-05,1e-06,26,<BIO_PROJECT_ROOT>/re-implementation/aligned_baselines/hyperparameter_tuning/attentiondta/KinetX/stage1_run1/trial_0016,,,COMPLETE
17,0.3999846035159405,2026-07-25 14:36:36.951377,2026-07-25 14:38:25.654391,0 days 00:01:48.703014,32,0.0,0.0001352552599276582,1e-05,14,<BIO_PROJECT_ROOT>/re-implementation/aligned_baselines/hyperparameter_tuning/attentiondta/KinetX/stage1_run1/trial_0017,,,COMPLETE
18,0.38610384653217966,2026-07-25 14:38:25.803023,2026-07-25 14:44:14.178540,0 days 00:05:48.375517,8,0.3,2.0802233577177387e-05,0.01,61,<BIO_PROJECT_ROOT>/re-implementation/aligned_baselines/hyperparameter_tuning/attentiondta/KinetX/stage1_run1/trial_0018,,,COMPLETE
19,0.389445285974332,2026-07-25 14:44:14.275918,2026-07-25 14:46:47.013795,0 days 00:02:32.737877,64,0.0,7.747224798748346e-05,0.0001,24,<BIO_PROJECT_ROOT>/re-implementation/aligned_baselines/hyperparameter_tuning/attentiondta/KinetX/stage1_run1/trial_0019,,,COMPLETE
20,0.3819917156056345,2026-07-25 14:46:47.098196,2026-07-25 14:49:24.898256,0 days 00:02:37.800060,64,0.3,0.0001812899785399343,0.01,27,<BIO_PROJECT_ROOT>/re-implementation/aligned_baselines/hyperparameter_tuning/attentiondta/KinetX/stage1_run1/trial_0020,,,COMPLETE
21,0.38125008115637027,2026-07-25 14:49:25.103085,2026-07-25 14:52:50.174958,0 days 00:03:25.071873,64,0.3,7.240011658494299e-05,0.0001,44,<BIO_PROJECT_ROOT>/re-implementation/aligned_baselines/hyperparameter_tuning/attentiondta/KinetX/stage1_run1/trial_0021,,,COMPLETE
22,0.3888430447025917,2026-07-25 14:52:50.299257,2026-07-25 14:56:13.854195,0 days 00:03:23.554938,64,0.3,4.734309210056933e-05,0.0001,44,<BIO_PROJECT_ROOT>/re-implementation/aligned_baselines/hyperparameter_tuning/attentiondta/KinetX/stage1_run1/trial_0022,,,COMPLETE
23,0.38207030214325327,2026-07-25 14:56:13.961259,2026-07-25 14:58:53.910591,0 days 00:02:39.949332,64,0.3,0.00010711125563073091,0.0001,27,<BIO_PROJECT_ROOT>/re-implementation/aligned_baselines/hyperparameter_tuning/attentiondta/KinetX/stage1_run1/trial_0023,,,COMPLETE
24,0.3861840141873095,2026-07-25 14:58:53.988458,2026-07-25 15:03:16.830318,0 days 00:04:22.841860,64,0.3,3.3441749275009375e-05,0.0001,66,<BIO_PROJECT_ROOT>/re-implementation/aligned_baselines/hyperparameter_tuning/attentiondta/KinetX/stage1_run1/trial_0024,,,COMPLETE
25,0.3906627666055871,2026-07-25 15:03:16.901755,2026-07-25 15:05:51.045729,0 days 00:02:34.143974,64,0.3,7.920196480697408e-05,1e-05,26,<BIO_PROJECT_ROOT>/re-implementation/aligned_baselines/hyperparameter_tuning/attentiondta/KinetX/stage1_run1/trial_0025,,,COMPLETE
26,0.48950322127543927,2026-07-25 15:05:51.125579,2026-07-25 15:08:32.996264,0 days 00:02:41.870685,8,0.0,0.0018761306496493197,1e-06,12,<BIO_PROJECT_ROOT>/re-implementation/aligned_baselines/hyperparameter_tuning/attentiondta/KinetX/stage1_run1/trial_0026,,,COMPLETE
27,0.3938708840873878,2026-07-25 15:08:33.098609,2026-07-25 15:10:22.778301,0 days 00:01:49.679692,32,0.1,0.00015247864035770604,0.0,14,<BIO_PROJECT_ROOT>/re-implementation/aligned_baselines/hyperparameter_tuning/attentiondta/KinetX/stage1_run1/trial_0027,,,COMPLETE
28,0.3790690306275285,2026-07-25 15:10:22.874068,2026-07-25 15:13:08.314756,0 days 00:02:45.440688,16,0.3,2.3522425545963694e-05,0.01,30,<BIO_PROJECT_ROOT>/re-implementation/aligned_baselines/hyperparameter_tuning/attentiondta/KinetX/stage1_run1/trial_0028,,,COMPLETE
29,0.38187292160191,2026-07-25 15:13:08.437553,2026-07-25 15:15:42.720396,0 days 00:02:34.282843,16,0.1,1.691500953503403e-05,0.01,30,<BIO_PROJECT_ROOT>/re-implementation/aligned_baselines/hyperparameter_tuning/attentiondta/KinetX/stage1_run1/trial_0029,,,COMPLETE
