number,value,datetime_start,datetime_complete,duration,params_batch_size,params_dropout,params_lr,params_weight_decay,user_attrs_best_epoch,user_attrs_output_dir,user_attrs_source,system_attrs_fixed_params,state
0,0.3541567325592041,2026-07-31 17:41:07.339023,2026-07-31 17:54:43.655427,0 days 00:13:36.316404,64,0.2,0.0005,0.0,34,<BIO_PROJECT_ROOT>/cross_dataset_bayesian_tuning/hyperparameter_tuning/moe/KinetX/stage1_run1/trial_0000,published_reimplementation_default,"{'lr': 0.0005, 'weight_decay': 0.0, 'batch_size': 64, 'dropout': 0.2}",COMPLETE
1,0.5114401578903198,2026-07-31 17:54:43.814942,2026-07-31 18:29:55.234684,0 days 00:35:11.419742,16,0.2,3.196839887802081e-05,0.001,47,<BIO_PROJECT_ROOT>/cross_dataset_bayesian_tuning/hyperparameter_tuning/moe/KinetX/stage1_run1/trial_0001,,,COMPLETE
2,0.49140167236328125,2026-07-31 18:29:55.339800,2026-07-31 18:44:56.431755,0 days 00:15:01.091955,128,0.3,0.00010570949451251919,0.0001,49,<BIO_PROJECT_ROOT>/cross_dataset_bayesian_tuning/hyperparameter_tuning/moe/KinetX/stage1_run1/trial_0002,,,COMPLETE
3,0.38358089327812195,2026-07-31 18:44:56.531277,2026-07-31 18:54:12.938996,0 days 00:09:16.407719,128,0.0,0.0010555699712933647,0.0,20,<BIO_PROJECT_ROOT>/cross_dataset_bayesian_tuning/hyperparameter_tuning/moe/KinetX/stage1_run1/trial_0003,,,COMPLETE
4,0.6678432822227478,2026-07-31 18:54:12.999889,2026-07-31 19:08:59.851769,0 days 00:14:46.851880,128,0.0,2.925837257538309e-05,0.01,50,<BIO_PROJECT_ROOT>/cross_dataset_bayesian_tuning/hyperparameter_tuning/moe/KinetX/stage1_run1/trial_0004,,,COMPLETE
5,0.3529421389102936,2026-07-31 19:08:59.927583,2026-07-31 19:26:22.511000,0 days 00:17:22.583417,16,0.1,0.00035484392049755034,0.0001,24,<BIO_PROJECT_ROOT>/cross_dataset_bayesian_tuning/hyperparameter_tuning/moe/KinetX/stage1_run1/trial_0005,,,COMPLETE
6,0.37581008672714233,2026-07-31 19:26:22.582633,2026-07-31 19:40:31.643202,0 days 00:14:09.060569,32,0.2,0.0004211518291984564,0.01,30,<BIO_PROJECT_ROOT>/cross_dataset_bayesian_tuning/hyperparameter_tuning/moe/KinetX/stage1_run1/trial_0006,,,COMPLETE
7,0.4021679759025574,2026-07-31 19:40:31.721851,2026-07-31 19:54:46.457536,0 days 00:14:14.735685,128,0.1,0.00023710190963449062,0.001,49,<BIO_PROJECT_ROOT>/cross_dataset_bayesian_tuning/hyperparameter_tuning/moe/KinetX/stage1_run1/trial_0007,,,COMPLETE
8,0.3427869975566864,2026-07-31 19:54:46.534894,2026-07-31 20:08:36.508889,0 days 00:13:49.973995,64,0.2,0.00030015946987714965,0.001,42,<BIO_PROJECT_ROOT>/cross_dataset_bayesian_tuning/hyperparameter_tuning/moe/KinetX/stage1_run1/trial_0008,,,COMPLETE
9,0.3586461842060089,2026-07-31 20:08:36.557834,2026-07-31 20:20:47.847584,0 days 00:12:11.289750,64,0.2,0.0004013897182871736,1e-05,34,<BIO_PROJECT_ROOT>/cross_dataset_bayesian_tuning/hyperparameter_tuning/moe/KinetX/stage1_run1/trial_0009,,,COMPLETE
10,0.453829288482666,2026-07-31 20:20:47.906911,2026-07-31 20:34:19.154285,0 days 00:13:31.247374,64,0.3,8.674951390251362e-05,1e-06,49,<BIO_PROJECT_ROOT>/cross_dataset_bayesian_tuning/hyperparameter_tuning/moe/KinetX/stage1_run1/trial_0010,,,COMPLETE
11,0.4132665991783142,2026-07-31 20:34:19.235526,2026-07-31 20:59:52.530755,0 days 00:25:33.295229,16,0.1,0.0010721622393458034,0.0001,35,<BIO_PROJECT_ROOT>/cross_dataset_bayesian_tuning/hyperparameter_tuning/moe/KinetX/stage1_run1/trial_0011,,,COMPLETE
12,0.6749218106269836,2026-07-31 20:59:52.606690,2026-07-31 21:27:02.966592,0 days 00:27:10.359902,16,0.1,1.0839763516199638e-05,0.0001,50,<BIO_PROJECT_ROOT>/cross_dataset_bayesian_tuning/hyperparameter_tuning/moe/KinetX/stage1_run1/trial_0012,,,COMPLETE
13,0.350538045167923,2026-07-31 21:27:03.059507,2026-07-31 21:44:15.001985,0 days 00:17:11.942478,32,0.1,0.00018025649463333042,0.001,43,<BIO_PROJECT_ROOT>/cross_dataset_bayesian_tuning/hyperparameter_tuning/moe/KinetX/stage1_run1/trial_0013,,,COMPLETE
14,0.3442123532295227,2026-07-31 21:44:15.089663,2026-07-31 22:02:26.730782,0 days 00:18:11.641119,32,0.2,0.00015810503650652135,0.001,49,<BIO_PROJECT_ROOT>/cross_dataset_bayesian_tuning/hyperparameter_tuning/moe/KinetX/stage1_run1/trial_0014,,,COMPLETE
15,0.47286391258239746,2026-07-31 22:02:26.806440,2026-07-31 22:19:32.232947,0 days 00:17:05.426507,32,0.2,5.45339257271752e-05,0.001,49,<BIO_PROJECT_ROOT>/cross_dataset_bayesian_tuning/hyperparameter_tuning/moe/KinetX/stage1_run1/trial_0015,,,COMPLETE
16,0.38045457005500793,2026-07-31 22:19:32.332958,2026-07-31 22:32:58.993812,0 days 00:13:26.660854,64,0.2,0.00015483029890889677,0.001,49,<BIO_PROJECT_ROOT>/cross_dataset_bayesian_tuning/hyperparameter_tuning/moe/KinetX/stage1_run1/trial_0016,,,COMPLETE
17,0.40273669362068176,2026-07-31 22:32:59.072938,2026-07-31 22:41:41.981793,0 days 00:08:42.908855,32,0.2,0.0007669694688855205,1e-05,14,<BIO_PROJECT_ROOT>/cross_dataset_bayesian_tuning/hyperparameter_tuning/moe/KinetX/stage1_run1/trial_0017,,,COMPLETE
18,0.3569217026233673,2026-07-31 22:41:42.061190,2026-07-31 22:50:36.987723,0 days 00:08:54.926533,64,0.2,0.0017771462156036628,1e-06,22,<BIO_PROJECT_ROOT>/cross_dataset_bayesian_tuning/hyperparameter_tuning/moe/KinetX/stage1_run1/trial_0018,,,COMPLETE
19,0.45958709716796875,2026-07-31 22:50:37.140965,2026-07-31 23:08:54.283619,0 days 00:18:17.142654,32,0.3,6.4812991037049e-05,0.001,49,<BIO_PROJECT_ROOT>/cross_dataset_bayesian_tuning/hyperparameter_tuning/moe/KinetX/stage1_run1/trial_0019,,,COMPLETE
20,0.3446241617202759,2026-07-31 23:08:54.380954,2026-07-31 23:27:06.907932,0 days 00:18:12.526978,32,0.0,0.00025530997887887233,0.001,49,<BIO_PROJECT_ROOT>/cross_dataset_bayesian_tuning/hyperparameter_tuning/moe/KinetX/stage1_run1/trial_0020,,,COMPLETE
21,0.34377360343933105,2026-07-31 23:27:06.986327,2026-07-31 23:45:13.654470,0 days 00:18:06.668143,32,0.0,0.00024540697728086944,0.001,48,<BIO_PROJECT_ROOT>/cross_dataset_bayesian_tuning/hyperparameter_tuning/moe/KinetX/stage1_run1/trial_0021,,,COMPLETE
22,0.37554582953453064,2026-07-31 23:45:13.768149,2026-08-01 00:03:15.072802,0 days 00:18:01.304653,32,0.0,0.00012640264138747854,0.001,49,<BIO_PROJECT_ROOT>/cross_dataset_bayesian_tuning/hyperparameter_tuning/moe/KinetX/stage1_run1/trial_0022,,,COMPLETE
23,0.34363630414009094,2026-08-01 00:03:15.160878,2026-08-01 00:21:38.271779,0 days 00:18:23.110901,32,0.0,0.0002515068169189501,0.001,49,<BIO_PROJECT_ROOT>/cross_dataset_bayesian_tuning/hyperparameter_tuning/moe/KinetX/stage1_run1/trial_0023,,,COMPLETE
24,0.34823817014694214,2026-08-01 00:21:38.351905,2026-08-01 00:30:34.112965,0 days 00:08:55.761060,64,0.0,0.0006362324459850738,0.001,22,<BIO_PROJECT_ROOT>/cross_dataset_bayesian_tuning/hyperparameter_tuning/moe/KinetX/stage1_run1/trial_0024,,,COMPLETE
25,0.338957279920578,2026-08-01 00:30:34.178808,2026-08-01 00:48:48.720071,0 days 00:18:14.541263,32,0.0,0.0002561301791948662,0.001,49,<BIO_PROJECT_ROOT>/cross_dataset_bayesian_tuning/hyperparameter_tuning/moe/KinetX/stage1_run1/trial_0025,,,COMPLETE
26,0.3591342568397522,2026-08-01 00:48:48.808235,2026-08-01 01:03:23.533682,0 days 00:14:34.725447,32,0.0,0.0002766642956318399,1e-06,30,<BIO_PROJECT_ROOT>/cross_dataset_bayesian_tuning/hyperparameter_tuning/moe/KinetX/stage1_run1/trial_0026,,,COMPLETE
27,0.35260242223739624,2026-08-01 01:03:23.637074,2026-08-01 01:12:19.205526,0 days 00:08:55.568452,64,0.0,0.0007254890707187789,1e-05,22,<BIO_PROJECT_ROOT>/cross_dataset_bayesian_tuning/hyperparameter_tuning/moe/KinetX/stage1_run1/trial_0027,,,COMPLETE
28,0.4519381821155548,2026-08-01 01:12:19.295347,2026-08-01 01:30:34.540848,0 days 00:18:15.245501,32,0.0,7.368815817185425e-05,0.01,48,<BIO_PROJECT_ROOT>/cross_dataset_bayesian_tuning/hyperparameter_tuning/moe/KinetX/stage1_run1/trial_0028,,,COMPLETE
29,0.3554464280605316,2026-08-01 01:30:34.621806,2026-08-01 01:39:34.914536,0 days 00:09:00.292730,64,0.0,0.0005207368493799341,0.0,22,<BIO_PROJECT_ROOT>/cross_dataset_bayesian_tuning/hyperparameter_tuning/moe/KinetX/stage1_run1/trial_0029,,,COMPLETE
